0 info it worked if it ends with ok
1 verbose cli [ 'node', '/usr/local/bin/npm', 'install', 'child-process' ]
2 info using npm@2.12.1
3 info using node@v0.12.3
4 verbose install initial load of /Users/adanorta/Sites/Hamilton/package.json
5 verbose installManyTop reading scoped package data from /Users/adanorta/Sites/Hamilton/node_modules/body-parser/package.json
6 verbose installManyTop reading scoped package data from /Users/adanorta/Sites/Hamilton/node_modules/composable-middleware/package.json
7 verbose installManyTop reading scoped package data from /Users/adanorta/Sites/Hamilton/node_modules/compression/package.json
8 verbose installManyTop reading scoped package data from /Users/adanorta/Sites/Hamilton/node_modules/connect-livereload/package.json
9 verbose installManyTop reading scoped package data from /Users/adanorta/Sites/Hamilton/node_modules/connect-mongo/package.json
10 verbose installManyTop reading scoped package data from /Users/adanorta/Sites/Hamilton/node_modules/cookie-parser/package.json
11 verbose installManyTop reading scoped package data from /Users/adanorta/Sites/Hamilton/node_modules/ejs/package.json
12 verbose installManyTop reading scoped package data from /Users/adanorta/Sites/Hamilton/node_modules/errorhandler/package.json
13 verbose installManyTop reading scoped package data from /Users/adanorta/Sites/Hamilton/node_modules/express/package.json
14 verbose installManyTop reading scoped package data from /Users/adanorta/Sites/Hamilton/node_modules/express-session/package.json
15 verbose installManyTop reading scoped package data from /Users/adanorta/Sites/Hamilton/node_modules/grunt/package.json
16 verbose installManyTop reading scoped package data from /Users/adanorta/Sites/Hamilton/node_modules/grunt-angular-templates/package.json
17 verbose installManyTop reading scoped package data from /Users/adanorta/Sites/Hamilton/node_modules/grunt-autoprefixer/package.json
18 verbose installManyTop reading scoped package data from /Users/adanorta/Sites/Hamilton/node_modules/grunt-build-control/package.json
19 verbose installManyTop reading scoped package data from /Users/adanorta/Sites/Hamilton/node_modules/grunt-concurrent/package.json
20 verbose installManyTop reading scoped package data from /Users/adanorta/Sites/Hamilton/node_modules/grunt-contrib-clean/package.json
21 verbose installManyTop reading scoped package data from /Users/adanorta/Sites/Hamilton/node_modules/grunt-contrib-concat/package.json
22 verbose installManyTop reading scoped package data from /Users/adanorta/Sites/Hamilton/node_modules/grunt-contrib-copy/package.json
23 verbose installManyTop reading scoped package data from /Users/adanorta/Sites/Hamilton/node_modules/grunt-contrib-cssmin/package.json
24 verbose installManyTop reading scoped package data from /Users/adanorta/Sites/Hamilton/node_modules/grunt-contrib-htmlmin/package.json
25 verbose installManyTop reading scoped package data from /Users/adanorta/Sites/Hamilton/node_modules/grunt-contrib-imagemin/package.json
26 verbose installManyTop reading scoped package data from /Users/adanorta/Sites/Hamilton/node_modules/grunt-contrib-jshint/package.json
27 verbose installManyTop reading scoped package data from /Users/adanorta/Sites/Hamilton/node_modules/grunt-contrib-uglify/package.json
28 verbose installManyTop reading scoped package data from /Users/adanorta/Sites/Hamilton/node_modules/grunt-contrib-watch/package.json
29 verbose installManyTop reading scoped package data from /Users/adanorta/Sites/Hamilton/node_modules/grunt-dom-munger/package.json
30 verbose installManyTop reading scoped package data from /Users/adanorta/Sites/Hamilton/node_modules/grunt-env/package.json
31 verbose installManyTop reading scoped package data from /Users/adanorta/Sites/Hamilton/node_modules/grunt-express-server/package.json
32 verbose installManyTop reading scoped package data from /Users/adanorta/Sites/Hamilton/node_modules/grunt-google-cdn/package.json
33 verbose installManyTop reading scoped package data from /Users/adanorta/Sites/Hamilton/node_modules/grunt-injector/package.json
34 verbose installManyTop reading scoped package data from /Users/adanorta/Sites/Hamilton/node_modules/grunt-karma/package.json
35 verbose installManyTop reading scoped package data from /Users/adanorta/Sites/Hamilton/node_modules/grunt-mocha-test/package.json
36 verbose installManyTop reading scoped package data from /Users/adanorta/Sites/Hamilton/node_modules/grunt-newer/package.json
37 verbose installManyTop reading scoped package data from /Users/adanorta/Sites/Hamilton/node_modules/grunt-ng-annotate/package.json
38 verbose installManyTop reading scoped package data from /Users/adanorta/Sites/Hamilton/node_modules/grunt-node-inspector/package.json
39 verbose installManyTop reading scoped package data from /Users/adanorta/Sites/Hamilton/node_modules/grunt-nodemon/package.json
40 verbose installManyTop reading scoped package data from /Users/adanorta/Sites/Hamilton/node_modules/grunt-open/package.json
41 verbose installManyTop reading scoped package data from /Users/adanorta/Sites/Hamilton/node_modules/grunt-protractor-runner/package.json
42 verbose installManyTop reading scoped package data from /Users/adanorta/Sites/Hamilton/node_modules/grunt-rev/package.json
43 verbose installManyTop reading scoped package data from /Users/adanorta/Sites/Hamilton/node_modules/grunt-svgmin/package.json
44 verbose installManyTop reading scoped package data from /Users/adanorta/Sites/Hamilton/node_modules/grunt-usemin/package.json
45 verbose installManyTop reading scoped package data from /Users/adanorta/Sites/Hamilton/node_modules/grunt-wiredep/package.json
46 verbose installManyTop reading scoped package data from /Users/adanorta/Sites/Hamilton/node_modules/jit-grunt/package.json
47 verbose installManyTop reading scoped package data from /Users/adanorta/Sites/Hamilton/node_modules/jshint-stylish/package.json
48 verbose installManyTop reading scoped package data from /Users/adanorta/Sites/Hamilton/node_modules/karma/package.json
49 verbose installManyTop reading scoped package data from /Users/adanorta/Sites/Hamilton/node_modules/karma-chrome-launcher/package.json
50 verbose installManyTop reading scoped package data from /Users/adanorta/Sites/Hamilton/node_modules/karma-coffee-preprocessor/package.json
51 verbose installManyTop reading scoped package data from /Users/adanorta/Sites/Hamilton/node_modules/karma-firefox-launcher/package.json
52 verbose installManyTop reading scoped package data from /Users/adanorta/Sites/Hamilton/node_modules/karma-html2js-preprocessor/package.json
53 verbose installManyTop reading scoped package data from /Users/adanorta/Sites/Hamilton/node_modules/karma-jade-preprocessor/package.json
54 verbose installManyTop reading scoped package data from /Users/adanorta/Sites/Hamilton/node_modules/karma-jasmine/package.json
55 verbose installManyTop reading scoped package data from /Users/adanorta/Sites/Hamilton/node_modules/karma-ng-html2js-preprocessor/package.json
56 verbose installManyTop reading scoped package data from /Users/adanorta/Sites/Hamilton/node_modules/karma-ng-jade2js-preprocessor/package.json
57 verbose installManyTop reading scoped package data from /Users/adanorta/Sites/Hamilton/node_modules/karma-ng-scenario/package.json
58 verbose installManyTop reading scoped package data from /Users/adanorta/Sites/Hamilton/node_modules/karma-phantomjs-launcher/package.json
59 verbose installManyTop reading scoped package data from /Users/adanorta/Sites/Hamilton/node_modules/karma-requirejs/package.json
60 verbose installManyTop reading scoped package data from /Users/adanorta/Sites/Hamilton/node_modules/karma-script-launcher/package.json
61 verbose installManyTop reading scoped package data from /Users/adanorta/Sites/Hamilton/node_modules/lodash/package.json
62 verbose installManyTop reading scoped package data from /Users/adanorta/Sites/Hamilton/node_modules/method-override/package.json
63 verbose installManyTop reading scoped package data from /Users/adanorta/Sites/Hamilton/node_modules/mongoose/package.json
64 verbose installManyTop reading scoped package data from /Users/adanorta/Sites/Hamilton/node_modules/morgan/package.json
65 verbose installManyTop reading scoped package data from /Users/adanorta/Sites/Hamilton/node_modules/open/package.json
66 verbose installManyTop reading scoped package data from /Users/adanorta/Sites/Hamilton/node_modules/requirejs/package.json
67 verbose installManyTop reading scoped package data from /Users/adanorta/Sites/Hamilton/node_modules/serve-favicon/package.json
68 verbose installManyTop reading scoped package data from /Users/adanorta/Sites/Hamilton/node_modules/should/package.json
69 verbose installManyTop reading scoped package data from /Users/adanorta/Sites/Hamilton/node_modules/socket.io/package.json
70 verbose installManyTop reading scoped package data from /Users/adanorta/Sites/Hamilton/node_modules/socket.io-client/package.json
71 verbose installManyTop reading scoped package data from /Users/adanorta/Sites/Hamilton/node_modules/socketio-jwt/package.json
72 verbose installManyTop reading scoped package data from /Users/adanorta/Sites/Hamilton/node_modules/supertest/package.json
73 verbose installManyTop reading scoped package data from /Users/adanorta/Sites/Hamilton/node_modules/time-grunt/package.json
74 info package.json connect-livereload@0.4.1 No license field.
75 info package.json ejs@0.8.8 No license field.
76 info package.json cookie-parser@1.0.1 No license field.
77 info package.json connect-mongo@0.8.2 No license field.
78 info package.json grunt@0.4.5 No license field.
79 info package.json grunt-angular-templates@0.5.7 No license field.
80 info package.json grunt-build-control@0.4.0 No license field.
81 info package.json grunt-concurrent@0.5.0 No license field.
82 info package.json composable-middleware@0.3.0 No license field.
83 info package.json grunt-contrib-clean@0.5.0 No license field.
84 info package.json grunt-contrib-concat@0.4.0 No license field.
85 info package.json grunt-contrib-copy@0.5.0 No license field.
86 info package.json grunt-contrib-cssmin@0.9.0 No license field.
87 info package.json grunt-contrib-htmlmin@0.2.0 No license field.
88 info package.json grunt-contrib-imagemin@0.7.2 No license field.
89 info package.json grunt-contrib-jshint@0.10.0 No license field.
90 info package.json grunt-contrib-uglify@0.4.1 No license field.
91 info package.json grunt-contrib-watch@0.6.1 No license field.
92 info package.json grunt-env@0.4.4 No license field.
93 info package.json grunt-express-server@0.4.19 No license field.
94 info package.json grunt-google-cdn@0.4.3 license should be a valid SPDX license expression
95 info package.json grunt-dom-munger@3.4.0 No license field.
96 info package.json grunt-injector@0.5.4 No license field.
97 info package.json grunt-mocha-test@0.10.2 No license field.
98 info package.json grunt-newer@0.7.0 No license field.
99 info package.json grunt-ng-annotate@0.2.3 No license field.
100 info package.json grunt-open@0.2.3 No license field.
101 info package.json grunt-protractor-runner@1.2.1 No license field.
102 info package.json grunt-svgmin@0.4.0 No license field.
103 info package.json grunt-usemin@2.1.1 license should be a valid SPDX license expression
104 info package.json grunt-wiredep@1.8.0 No license field.
105 info package.json grunt-rev@0.1.0 No license field.
106 info package.json requirejs@2.1.20 No license field.
107 info package.json should@3.3.2 No license field.
108 info package.json socket.io@1.3.7 No license field.
109 verbose readDependencies loading dependencies from /Users/adanorta/Sites/Hamilton/package.json
110 silly cache add args [ 'child-process', null ]
111 verbose cache add spec child-process
112 silly cache add parsed spec { raw: 'child-process',
112 silly cache add   scope: null,
112 silly cache add   name: 'child-process',
112 silly cache add   rawSpec: '',
112 silly cache add   spec: '*',
112 silly cache add   type: 'range' }
113 silly addNamed child-process@*
114 verbose addNamed "*" is a valid semver range for child-process
115 silly addNameRange { name: 'child-process', range: '*', hasData: false }
116 silly mapToRegistry name child-process
117 silly mapToRegistry using default registry
118 silly mapToRegistry registry https://registry.npmjs.org/
119 silly mapToRegistry uri https://registry.npmjs.org/child-process
120 verbose addNameRange registry:https://registry.npmjs.org/child-process not in flight; fetching
121 verbose request uri https://registry.npmjs.org/child-process
122 verbose request no auth needed
123 info attempt registry request try #1 at 11:44:40 PM
124 verbose request id 1161b95a02944d69
125 http request GET https://registry.npmjs.org/child-process
126 http 404 https://registry.npmjs.org/child-process
127 verbose headers { 'content-type': 'application/json',
127 verbose headers   'cache-control': 'max-age=0',
127 verbose headers   'content-length': '2',
127 verbose headers   'accept-ranges': 'bytes',
127 verbose headers   date: 'Thu, 15 Oct 2015 04:44:40 GMT',
127 verbose headers   via: '1.1 varnish',
127 verbose headers   age: '0',
127 verbose headers   connection: 'keep-alive',
127 verbose headers   'x-served-by': 'cache-dfw1826-DFW',
127 verbose headers   'x-cache': 'MISS',
127 verbose headers   'x-cache-hits': '0',
127 verbose headers   'x-timer': 'S1444884280.729984,VS0,VE191' }
128 silly get cb [ 404,
128 silly get   { 'content-type': 'application/json',
128 silly get     'cache-control': 'max-age=0',
128 silly get     'content-length': '2',
128 silly get     'accept-ranges': 'bytes',
128 silly get     date: 'Thu, 15 Oct 2015 04:44:40 GMT',
128 silly get     via: '1.1 varnish',
128 silly get     age: '0',
128 silly get     connection: 'keep-alive',
128 silly get     'x-served-by': 'cache-dfw1826-DFW',
128 silly get     'x-cache': 'MISS',
128 silly get     'x-cache-hits': '0',
128 silly get     'x-timer': 'S1444884280.729984,VS0,VE191' } ]
129 verbose stack Error: Registry returned 404 for GET on https://registry.npmjs.org/child-process
129 verbose stack     at CachingRegistryClient.<anonymous> (/usr/local/lib/node_modules/npm/node_modules/npm-registry-client/lib/request.js:239:14)
129 verbose stack     at Request._callback (/usr/local/lib/node_modules/npm/node_modules/npm-registry-client/lib/request.js:170:14)
129 verbose stack     at Request.self.callback (/usr/local/lib/node_modules/npm/node_modules/request/request.js:197:22)
129 verbose stack     at Request.emit (events.js:110:17)
129 verbose stack     at Request.<anonymous> (/usr/local/lib/node_modules/npm/node_modules/request/request.js:1050:14)
129 verbose stack     at Request.emit (events.js:129:20)
129 verbose stack     at IncomingMessage.<anonymous> (/usr/local/lib/node_modules/npm/node_modules/request/request.js:996:12)
129 verbose stack     at IncomingMessage.emit (events.js:129:20)
129 verbose stack     at _stream_readable.js:908:16
129 verbose stack     at process._tickCallback (node.js:355:11)
130 verbose statusCode 404
131 verbose pkgid child-process
132 verbose cwd /Users/adanorta/Sites/Hamilton
133 error Darwin 14.1.0
134 error argv "node" "/usr/local/bin/npm" "install" "child-process"
135 error node v0.12.3
136 error npm  v2.12.1
137 error code E404
138 error 404 Registry returned 404 for GET on https://registry.npmjs.org/child-process
138 error 404
138 error 404 'child-process' is not in the npm registry.
138 error 404 You should bug the author to publish it (or use the name yourself!)
138 error 404 It was specified as a dependency of 'hamilton'
138 error 404
138 error 404 Note that you can also install from a
138 error 404 tarball, folder, http url, or git url.
139 verbose exit [ 1, true ]
